[0826/205652.482:ERROR:process_reader_win.cc(123)] NtOpenThread: {Access Denied} A process has requested access to an object, but has not been granted those access rights. (0xc0000022)
[0826/205652.499:ERROR:process_reader_win.cc(123)] NtOpenThread: {Access Denied} A process has requested access to an object, but has not been granted those access rights. (0xc0000022)
[0826/205652.511:ERROR:process_reader_win.cc(123)] NtOpenThread: {Access Denied} A process has requested access to an object, but has not been granted those access rights. (0xc0000022)
[0826/205652.584:ERROR:exception_snapshot_win.cc(98)] thread ID 996 not found in process
[0826/205652.500:ERROR:process_reader_win.cc(123)] NtOpenThread: {Access Denied} A process has requested access to an object, but has not been granted those access rights. (0xc0000022)
[0826/205652.490:ERROR:process_reader_win.cc(123)] NtOpenThread: {Access Denied} A process has requested access to an object, but has not been granted those access rights. (0xc0000022)
[0826/205652.530:ERROR:process_reader_win.cc(123)] NtOpenThread: {Access Denied} A process has requested access to an object, but has not been granted those access rights. (0xc0000022)
[0826/205652.482:ERROR:process_reader_win.cc(123)] NtOpenThread: {Access Denied} A process has requested access to an object, but has not been granted those access rights. (0xc0000022)
[0826/205652.531:ERROR:process_reader_win.cc(123)] NtOpenThread: {Access Denied} A process has requested access to an object, but has not been granted those access rights. (0xc0000022)
[0826/205652.531:ERROR:process_reader_win.cc(123)] NtOpenThread: {Access Denied} A process has requested access to an object, but has not been granted those access rights. (0xc0000022)
[0826/205652.490:ERROR:process_reader_win.cc(123)] NtOpenThread: {Access Denied} A process has requested access to an object, but has not been granted those access rights. (0xc0000022)
[0826/205652.585:ERROR:exception_snapshot_win.cc(98)] thread ID 13220 not found in process
[0826/205652.585:ERROR:exception_snapshot_win.cc(98)] thread ID 11084 not found in process
[0826/205652.585:ERROR:exception_snapshot_win.cc(98)] thread ID 2244 not found in process
[0826/205652.585:ERROR:exception_snapshot_win.cc(98)] thread ID 7228 not found in process
[0826/205652.585:ERROR:exception_snapshot_win.cc(98)] thread ID 8636 not found in process
[0826/205652.585:ERROR:exception_snapshot_win.cc(98)] thread ID 8884 not found in process
[0826/205652.585:ERROR:exception_snapshot_win.cc(98)] thread ID 8136 not found in process
[0826/205652.585:ERROR:exception_snapshot_win.cc(98)] thread ID 2892 not found in process
[0826/205652.585:ERROR:exception_snapshot_win.cc(98)] thread ID 8324 not found in process
[0826/205652.491:ERROR:scoped_process_suspend.cc(31)] NtSuspendProcess: An attempt was made to access an exiting process. (0xc000010a)
[0826/205652.656:ERROR:process_info.cc(118)] ReadProcessMemory bool __cdecl crashpad::(anonymous namespace)::ReadStruct(HANDLE, crashpad::WinVMAddress, T *) [T = crashpad::process_types::PEB<crashpad::process_types::internal::Traits64>]: Only part of a ReadProcessMemory or WriteProcessMemory request was completed. (0x12B)
[0826/205652.671:ERROR:process_info.cc(551)] ReadProcessData failed
[0826/205652.538:ERROR:process_reader_win.cc(123)] NtOpenThread: {Access Denied} A process has requested access to an object, but has not been granted those access rights. (0xc0000022)
[0826/205652.687:ERROR:exception_snapshot_win.cc(98)] thread ID 1896 not found in process
